[1719317597.527][INFO]: Starting ChromeDriver 126.0.6478.126 (d36ace6122e0a59570e258d82441395206d60e1c-refs/branch-heads/6478@{#1591}) on port 14021
[1719317597.527][INFO]: Please see https://chromedriver.chromium.org/security-considerations for suggestions on keeping ChromeDriver safe.
[1719317597.752][INFO]: [ec5d157f007b1fecf88500c5e9a6920e] COMMAND InitSession {
   "capabilities": {
      "firstMatch": [ {
         "browserName": "chrome",
         "goog:chromeOptions": {
            "args": [  ],
            "debuggerAddress": "127.0.0.1:9222",
            "extensions": [  ]
         },
         "goog:loggingPrefs": {
            "browser": "INFO",
            "driver": "ALL"
         }
      } ]
   }
}
[1719317597.779][INFO]: [ec5d157f007b1fecf88500c5e9a6920e] RESPONSE InitSession {
   "capabilities": {
      "acceptInsecureCerts": false,
      "browserName": "chrome",
      "browserVersion": "126.0.6478.126",
      "chrome": {
         "chromedriverVersion": "126.0.6478.126 (d36ace6122e0a59570e258d82441395206d60e1c-refs/branch-heads/6478@{#1591})"
      },
      "fedcm:accounts": true,
      "goog:chromeOptions": {
         "debuggerAddress": "127.0.0.1:9222"
      },
      "pageLoadStrategy": "normal",
      "platformName": "",
      "proxy": {
      },
      "setWindowRect": false,
      "strictFileInteractability": false,
      "timeouts": {
         "implicit": 0,
         "pageLoad": 300000,
         "script": 30000
      },
      "unhandledPromptBehavior": "dismiss and notify",
      "webauthn:extension:credBlob": true,
      "webauthn:extension:largeBlob": true,
      "webauthn:extension:minPinLength": true,
      "webauthn:extension:prf": true,
      "webauthn:virtualAuthenticators": true
   },
   "sessionId": "ec5d157f007b1fecf88500c5e9a6920e"
}
[1719317597.979][INFO]: [ec5d157f007b1fecf88500c5e9a6920e] COMMAND SetTimeouts {
   "implicit": 60000
}
[1719317597.979][INFO]: [ec5d157f007b1fecf88500c5e9a6920e] RESPONSE SetTimeouts
[1719317597.988][INFO]: [ec5d157f007b1fecf88500c5e9a6920e] COMMAND Navigate {
   "url": "https://calendar.google.com/"
}
[1719317597.988][INFO]: Waiting for pending navigations...
[1719317597.992][INFO]: Done waiting for pending navigations. Status: ok
[1719317599.803][INFO]: Waiting for pending navigations...
[1719317602.471][INFO]: Done waiting for pending navigations. Status: ok
[1719317602.471][INFO]: [ec5d157f007b1fecf88500c5e9a6920e] RESPONSE Navigate
[1719317602.476][INFO]: [ec5d157f007b1fecf88500c5e9a6920e] COMMAND GetUrl {
}
[1719317602.476][INFO]: Waiting for pending navigations...
[1719317602.505][INFO]: Done waiting for pending navigations. Status: ok
[1719317602.817][INFO]: Waiting for pending navigations...
[1719317602.828][INFO]: Done waiting for pending navigations. Status: ok
[1719317602.828][INFO]: [ec5d157f007b1fecf88500c5e9a6920e] RESPONSE GetUrl "https://calendar.google.com/calendar/u/0/r?pli=1"
[1719317602.834][INFO]: [ec5d157f007b1fecf88500c5e9a6920e] COMMAND Navigate {
   "url": "https://calendar.google.com/"
}
[1719317602.835][INFO]: Waiting for pending navigations...
[1719317602.835][INFO]: Done waiting for pending navigations. Status: ok
[1719317603.456][INFO]: Waiting for pending navigations...
[1719317605.236][INFO]: Done waiting for pending navigations. Status: ok
[1719317605.236][INFO]: [ec5d157f007b1fecf88500c5e9a6920e] RESPONSE Navigate
[1719317608.247][INFO]: [ec5d157f007b1fecf88500c5e9a6920e] COMMAND FindElement {
   "using": "xpath",
   "value": "//div[@jsname='WjL7X']/div"
}
[1719317608.247][INFO]: Waiting for pending navigations...
[1719317608.248][INFO]: Done waiting for pending navigations. Status: ok
[1719317608.274][INFO]: Waiting for pending navigations...
[1719317608.275][INFO]: Done waiting for pending navigations. Status: ok
[1719317608.275][INFO]: [ec5d157f007b1fecf88500c5e9a6920e] RESPONSE FindElement {
   "element-6066-11e4-a52e-4f735466cecf": "f.80C5BC3CA31947D89D124D76AC3AD145.d.0359AA989162D21361D15B5CD6E505EE.e.74"
}
[1719317608.281][INFO]: [ec5d157f007b1fecf88500c5e9a6920e] COMMAND ClickElement {
   "id": "f.80C5BC3CA31947D89D124D76AC3AD145.d.0359AA989162D21361D15B5CD6E505EE.e.74"
}
[1719317608.281][INFO]: Waiting for pending navigations...
[1719317608.282][INFO]: Done waiting for pending navigations. Status: ok
[1719317608.360][INFO]: Waiting for pending navigations...
[1719317608.365][INFO]: Done waiting for pending navigations. Status: ok
[1719317608.365][INFO]: [ec5d157f007b1fecf88500c5e9a6920e] RESPONSE ClickElement
[1719317608.370][INFO]: [ec5d157f007b1fecf88500c5e9a6920e] COMMAND FindElement {
   "using": "xpath",
   "value": "//span[text()='Month']"
}
[1719317608.370][INFO]: Waiting for pending navigations...
[1719317608.371][INFO]: Done waiting for pending navigations. Status: ok
[1719317608.386][INFO]: Waiting for pending navigations...
[1719317608.387][INFO]: Done waiting for pending navigations. Status: ok
[1719317608.387][INFO]: [ec5d157f007b1fecf88500c5e9a6920e] RESPONSE FindElement {
   "element-6066-11e4-a52e-4f735466cecf": "f.80C5BC3CA31947D89D124D76AC3AD145.d.0359AA989162D21361D15B5CD6E505EE.e.76"
}
[1719317608.391][INFO]: [ec5d157f007b1fecf88500c5e9a6920e] COMMAND ClickElement {
   "id": "f.80C5BC3CA31947D89D124D76AC3AD145.d.0359AA989162D21361D15B5CD6E505EE.e.76"
}
[1719317608.391][INFO]: Waiting for pending navigations...
[1719317608.392][INFO]: Done waiting for pending navigations. Status: ok
[1719317608.450][INFO]: Waiting for pending navigations...
[1719317608.452][INFO]: Done waiting for pending navigations. Status: ok
[1719317608.452][INFO]: [ec5d157f007b1fecf88500c5e9a6920e] RESPONSE ClickElement
[1719317608.455][INFO]: [ec5d157f007b1fecf88500c5e9a6920e] COMMAND GetElementText {
   "id": "f.80C5BC3CA31947D89D124D76AC3AD145.d.0359AA989162D21361D15B5CD6E505EE.e.76"
}
[1719317608.455][INFO]: Waiting for pending navigations...
[1719317608.456][INFO]: Done waiting for pending navigations. Status: ok
[1719317608.477][INFO]: Waiting for pending navigations...
[1719317608.478][INFO]: Done waiting for pending navigations. Status: ok
[1719317608.478][INFO]: [ec5d157f007b1fecf88500c5e9a6920e] RESPONSE GetElementText "Month"
[1719317610.496][INFO]: [ec5d157f007b1fecf88500c5e9a6920e] COMMAND FindElement {
   "using": "xpath",
   "value": "//div[text()='15']"
}
[1719317610.496][INFO]: Waiting for pending navigations...
[1719317610.497][INFO]: Done waiting for pending navigations. Status: ok
[1719317610.511][INFO]: Waiting for pending navigations...
[1719317610.512][INFO]: Done waiting for pending navigations. Status: ok
[1719317610.512][INFO]: [ec5d157f007b1fecf88500c5e9a6920e] RESPONSE FindElement {
   "element-6066-11e4-a52e-4f735466cecf": "f.80C5BC3CA31947D89D124D76AC3AD145.d.0359AA989162D21361D15B5CD6E505EE.e.77"
}
[1719317610.516][INFO]: [ec5d157f007b1fecf88500c5e9a6920e] COMMAND ClickElement {
   "id": "f.80C5BC3CA31947D89D124D76AC3AD145.d.0359AA989162D21361D15B5CD6E505EE.e.77"
}
[1719317610.516][INFO]: Waiting for pending navigations...
[1719317610.517][INFO]: Done waiting for pending navigations. Status: ok
[1719317610.604][INFO]: Waiting for pending navigations...
[1719317610.609][INFO]: Done waiting for pending navigations. Status: ok
[1719317610.609][INFO]: [ec5d157f007b1fecf88500c5e9a6920e] RESPONSE ClickElement
[1719317610.616][INFO]: [ec5d157f007b1fecf88500c5e9a6920e] COMMAND FindElement {
   "using": "xpath",
   "value": "//div[@class='mr0WL']"
}
[1719317610.616][INFO]: Waiting for pending navigations...
[1719317610.617][INFO]: Done waiting for pending navigations. Status: ok
[1719317610.632][INFO]: Waiting for pending navigations...
[1719317610.636][INFO]: Done waiting for pending navigations. Status: ok
[1719317610.636][INFO]: [ec5d157f007b1fecf88500c5e9a6920e] RESPONSE FindElement {
   "element-6066-11e4-a52e-4f735466cecf": "f.80C5BC3CA31947D89D124D76AC3AD145.d.0359AA989162D21361D15B5CD6E505EE.e.78"
}
[1719317610.639][INFO]: [ec5d157f007b1fecf88500c5e9a6920e] COMMAND ClickElement {
   "id": "f.80C5BC3CA31947D89D124D76AC3AD145.d.0359AA989162D21361D15B5CD6E505EE.e.78"
}
[1719317610.639][INFO]: Waiting for pending navigations...
[1719317610.641][INFO]: Done waiting for pending navigations. Status: ok
[1719317610.703][INFO]: Waiting for pending navigations...
[1719317610.707][INFO]: Done waiting for pending navigations. Status: ok
[1719317610.707][INFO]: [ec5d157f007b1fecf88500c5e9a6920e] RESPONSE ClickElement
[1719317612.713][INFO]: [ec5d157f007b1fecf88500c5e9a6920e] COMMAND FindElement {
   "using": "xpath",
   "value": "//div[text()='Task']"
}
[1719317612.713][INFO]: Waiting for pending navigations...
[1719317612.715][INFO]: Done waiting for pending navigations. Status: ok
[1719317612.729][INFO]: Waiting for pending navigations...
[1719317612.730][INFO]: Done waiting for pending navigations. Status: ok
[1719317612.730][INFO]: [ec5d157f007b1fecf88500c5e9a6920e] RESPONSE FindElement {
   "element-6066-11e4-a52e-4f735466cecf": "f.80C5BC3CA31947D89D124D76AC3AD145.d.0359AA989162D21361D15B5CD6E505EE.e.86"
}
[1719317612.734][INFO]: [ec5d157f007b1fecf88500c5e9a6920e] COMMAND ClickElement {
   "id": "f.80C5BC3CA31947D89D124D76AC3AD145.d.0359AA989162D21361D15B5CD6E505EE.e.86"
}
[1719317612.734][INFO]: Waiting for pending navigations...
[1719317612.735][INFO]: Done waiting for pending navigations. Status: ok
[1719317612.789][INFO]: Waiting for pending navigations...
[1719317612.792][INFO]: Done waiting for pending navigations. Status: ok
[1719317612.792][INFO]: [ec5d157f007b1fecf88500c5e9a6920e] RESPONSE ClickElement
[1719317614.815][INFO]: [ec5d157f007b1fecf88500c5e9a6920e] COMMAND FindElement {
   "using": "xpath",
   "value": "//input[@aria-label='Add title']"
}
[1719317614.815][INFO]: Waiting for pending navigations...
[1719317614.817][INFO]: Done waiting for pending navigations. Status: ok
[1719317614.832][INFO]: Waiting for pending navigations...
[1719317614.833][INFO]: Done waiting for pending navigations. Status: ok
[1719317614.833][INFO]: [ec5d157f007b1fecf88500c5e9a6920e] RESPONSE FindElement {
   "element-6066-11e4-a52e-4f735466cecf": "f.80C5BC3CA31947D89D124D76AC3AD145.d.0359AA989162D21361D15B5CD6E505EE.e.88"
}
[1719317614.839][INFO]: [ec5d157f007b1fecf88500c5e9a6920e] COMMAND TypeElement {
   "id": "f.80C5BC3CA31947D89D124D76AC3AD145.d.0359AA989162D21361D15B5CD6E505EE.e.88",
   "text": "Crio INTV Task Automation",
   "value": [ "C", "r", "i", "o", " ", "I", "N", "T", "V", " ", "T", "a", "s", "k", " ", "A", "u", "t", "o", "m", "a", "t", "i", "o", "n" ]
}
[1719317614.839][INFO]: Waiting for pending navigations...
[1719317614.840][INFO]: Done waiting for pending navigations. Status: ok
[1719317614.986][INFO]: Waiting for pending navigations...
[1719317614.996][INFO]: Done waiting for pending navigations. Status: ok
[1719317614.996][INFO]: [ec5d157f007b1fecf88500c5e9a6920e] RESPONSE TypeElement
[1719317617.008][INFO]: [ec5d157f007b1fecf88500c5e9a6920e] COMMAND FindElement {
   "using": "xpath",
   "value": "//textarea[@aria-label='Add description']"
}
[1719317617.008][INFO]: Waiting for pending navigations...
[1719317617.009][INFO]: Done waiting for pending navigations. Status: ok
[1719317617.025][INFO]: Waiting for pending navigations...
[1719317617.026][INFO]: Done waiting for pending navigations. Status: ok
[1719317617.026][INFO]: [ec5d157f007b1fecf88500c5e9a6920e] RESPONSE FindElement {
   "element-6066-11e4-a52e-4f735466cecf": "f.80C5BC3CA31947D89D124D76AC3AD145.d.0359AA989162D21361D15B5CD6E505EE.e.99"
}
[1719317617.030][INFO]: [ec5d157f007b1fecf88500c5e9a6920e] COMMAND ClickElement {
   "id": "f.80C5BC3CA31947D89D124D76AC3AD145.d.0359AA989162D21361D15B5CD6E505EE.e.99"
}
[1719317617.030][INFO]: Waiting for pending navigations...
[1719317617.031][INFO]: Done waiting for pending navigations. Status: ok
[1719317617.101][INFO]: Waiting for pending navigations...
[1719317617.123][INFO]: Done waiting for pending navigations. Status: ok
[1719317617.123][INFO]: [ec5d157f007b1fecf88500c5e9a6920e] RESPONSE ClickElement
[1719317617.127][INFO]: [ec5d157f007b1fecf88500c5e9a6920e] COMMAND TypeElement {
   "id": "f.80C5BC3CA31947D89D124D76AC3AD145.d.0359AA989162D21361D15B5CD6E505EE.e.99",
   "text": "Crio INTV Calendar Task Automation",
   "value": [ "C", "r", "i", "o", " ", "I", "N", "T", "V", " ", "C", "a", "l", "e", "n", "d", "a", "r", " ", "T", "a", "s", "k", " ", "A", "u", "t", "o", "m", "a", "t", "i", "o", "n" ]
}
[1719317617.127][INFO]: Waiting for pending navigations...
[1719317617.128][INFO]: Done waiting for pending navigations. Status: ok
[1719317617.303][INFO]: Waiting for pending navigations...
[1719317617.309][INFO]: Done waiting for pending navigations. Status: ok
[1719317617.309][INFO]: [ec5d157f007b1fecf88500c5e9a6920e] RESPONSE TypeElement
[1719317619.328][INFO]: [ec5d157f007b1fecf88500c5e9a6920e] COMMAND FindElement {
   "using": "xpath",
   "value": "//button[@jsname='x8hlje']"
}
[1719317619.329][INFO]: Waiting for pending navigations...
[1719317619.330][INFO]: Done waiting for pending navigations. Status: ok
[1719317619.358][INFO]: Waiting for pending navigations...
[1719317619.359][INFO]: Done waiting for pending navigations. Status: ok
[1719317619.359][INFO]: [ec5d157f007b1fecf88500c5e9a6920e] RESPONSE FindElement {
   "element-6066-11e4-a52e-4f735466cecf": "f.80C5BC3CA31947D89D124D76AC3AD145.d.0359AA989162D21361D15B5CD6E505EE.e.107"
}
[1719317619.363][INFO]: [ec5d157f007b1fecf88500c5e9a6920e] COMMAND ClickElement {
   "id": "f.80C5BC3CA31947D89D124D76AC3AD145.d.0359AA989162D21361D15B5CD6E505EE.e.107"
}
[1719317619.363][INFO]: Waiting for pending navigations...
[1719317619.364][INFO]: Done waiting for pending navigations. Status: ok
[1719317619.464][INFO]: Waiting for pending navigations...
[1719317619.528][INFO]: Done waiting for pending navigations. Status: ok
[1719317619.528][INFO]: [ec5d157f007b1fecf88500c5e9a6920e] RESPONSE ClickElement
[1719317622.541][INFO]: [ec5d157f007b1fecf88500c5e9a6920e] COMMAND Navigate {
   "url": "https://calendar.google.com/"
}
[1719317622.542][INFO]: Waiting for pending navigations...
[1719317622.543][INFO]: Done waiting for pending navigations. Status: ok
[1719317623.101][INFO]: Waiting for pending navigations...
[1719317624.763][INFO]: Done waiting for pending navigations. Status: ok
[1719317624.763][INFO]: [ec5d157f007b1fecf88500c5e9a6920e] RESPONSE Navigate
[1719317629.782][INFO]: [ec5d157f007b1fecf88500c5e9a6920e] COMMAND FindElement {
   "using": "xpath",
   "value": "//div[contains(@class,'c jKgTF')]"
}
[1719317629.782][INFO]: Waiting for pending navigations...
[1719317629.783][INFO]: Done waiting for pending navigations. Status: ok
[1719317629.799][INFO]: Waiting for pending navigations...
[1719317629.800][INFO]: Done waiting for pending navigations. Status: ok
[1719317629.800][INFO]: [ec5d157f007b1fecf88500c5e9a6920e] RESPONSE FindElement {
   "element-6066-11e4-a52e-4f735466cecf": "f.80C5BC3CA31947D89D124D76AC3AD145.d.A7A7D8D1AA53F8C68A2B1AAC0CCF5E10.e.136"
}
[1719317629.804][INFO]: [ec5d157f007b1fecf88500c5e9a6920e] COMMAND ClickElement {
   "id": "f.80C5BC3CA31947D89D124D76AC3AD145.d.A7A7D8D1AA53F8C68A2B1AAC0CCF5E10.e.136"
}
[1719317629.804][INFO]: Waiting for pending navigations...
[1719317629.805][INFO]: Done waiting for pending navigations. Status: ok
[1719317629.875][INFO]: Waiting for pending navigations...
[1719317629.890][INFO]: Done waiting for pending navigations. Status: ok
[1719317629.890][INFO]: [ec5d157f007b1fecf88500c5e9a6920e] RESPONSE ClickElement
[1719317631.909][INFO]: [ec5d157f007b1fecf88500c5e9a6920e] COMMAND FindElement {
   "using": "xpath",
   "value": "//div[@jsaction='JIbuQc:DyVDA']"
}
[1719317631.909][INFO]: Waiting for pending navigations...
[1719317631.911][INFO]: Done waiting for pending navigations. Status: ok
[1719317631.930][INFO]: Waiting for pending navigations...
[1719317631.931][INFO]: Done waiting for pending navigations. Status: ok
[1719317631.931][INFO]: [ec5d157f007b1fecf88500c5e9a6920e] RESPONSE FindElement {
   "element-6066-11e4-a52e-4f735466cecf": "f.80C5BC3CA31947D89D124D76AC3AD145.d.A7A7D8D1AA53F8C68A2B1AAC0CCF5E10.e.144"
}
[1719317631.935][INFO]: [ec5d157f007b1fecf88500c5e9a6920e] COMMAND ClickElement {
   "id": "f.80C5BC3CA31947D89D124D76AC3AD145.d.A7A7D8D1AA53F8C68A2B1AAC0CCF5E10.e.144"
}
[1719317631.935][INFO]: Waiting for pending navigations...
[1719317631.937][INFO]: Done waiting for pending navigations. Status: ok
[1719317632.066][INFO]: Waiting for pending navigations...
[1719317632.084][INFO]: Done waiting for pending navigations. Status: ok
[1719317632.084][INFO]: [ec5d157f007b1fecf88500c5e9a6920e] RESPONSE ClickElement
[1719317634.091][INFO]: [ec5d157f007b1fecf88500c5e9a6920e] COMMAND FindElement {
   "using": "xpath",
   "value": "//textarea[@jsname='YPqjbf']"
}
[1719317634.091][INFO]: Waiting for pending navigations...
[1719317634.093][INFO]: Done waiting for pending navigations. Status: ok
[1719317634.116][INFO]: Waiting for pending navigations...
[1719317634.117][INFO]: Done waiting for pending navigations. Status: ok
[1719317634.117][INFO]: [ec5d157f007b1fecf88500c5e9a6920e] RESPONSE FindElement {
   "element-6066-11e4-a52e-4f735466cecf": "f.80C5BC3CA31947D89D124D76AC3AD145.d.A7A7D8D1AA53F8C68A2B1AAC0CCF5E10.e.153"
}
[1719317634.122][INFO]: [ec5d157f007b1fecf88500c5e9a6920e] COMMAND ClickElement {
   "id": "f.80C5BC3CA31947D89D124D76AC3AD145.d.A7A7D8D1AA53F8C68A2B1AAC0CCF5E10.e.153"
}
[1719317634.122][INFO]: Waiting for pending navigations...
[1719317634.123][INFO]: Done waiting for pending navigations. Status: ok
[1719317634.178][INFO]: Waiting for pending navigations...
[1719317634.182][INFO]: Done waiting for pending navigations. Status: ok
[1719317634.182][INFO]: [ec5d157f007b1fecf88500c5e9a6920e] RESPONSE ClickElement
[1719317634.185][INFO]: [ec5d157f007b1fecf88500c5e9a6920e] COMMAND ClearElement {
   "id": "f.80C5BC3CA31947D89D124D76AC3AD145.d.A7A7D8D1AA53F8C68A2B1AAC0CCF5E10.e.153"
}
[1719317634.185][INFO]: Waiting for pending navigations...
[1719317634.186][INFO]: Done waiting for pending navigations. Status: ok
[1719317634.209][INFO]: 
	=== NOTE: ===
	The Clear command in ChromeDriver 2.43 and above
	has been updated to conform to the current standard,
	including raising blur event after clearing.

[1719317634.229][INFO]: Waiting for pending navigations...
[1719317634.232][INFO]: Done waiting for pending navigations. Status: ok
[1719317634.232][INFO]: [ec5d157f007b1fecf88500c5e9a6920e] RESPONSE ClearElement
[1719317634.237][INFO]: [ec5d157f007b1fecf88500c5e9a6920e] COMMAND TypeElement {
   "id": "f.80C5BC3CA31947D89D124D76AC3AD145.d.A7A7D8D1AA53F8C68A2B1AAC0CCF5E10.e.153",
   "text": "Crio INTV Task Automation is a test suite designed for automating various tasks on the Google Calendar web application",
   "value": [ "C", "r", "i", "o", " ", "I", "N", "T", "V", " ", "T", "a", "s", "k", " ", "A", "u", "t", "o", "m", "a", "t", "i", "o", "n", " ", "i", "s", " ", "a", " ", "t", "e", "s", "t", " ", "s", "u", "i", "t", "e", " ", "d", "e", "s", "i", "g", "n", "e", "d", " ", "f", "o", "r", " ", "a", "u", "t", "o", "m", "a", "t", "i", "n", "g", " ", "v", "a", "r", "i", "o", "u", "s", " ", "t", "a", "s", "k", "s", " ", "o", "n", " ", "t", "h", "e", " ", "G", "o", "o", "g", "l", "e", " ", "C", "a", "l", "e", "n", "d", "a", "r", " ", "w", "e", "b", " ", "a", "p", "p", "l", "i", "c", "a", "t", "i", "o", "n" ]
}
[1719317634.238][INFO]: Waiting for pending navigations...
[1719317634.239][INFO]: Done waiting for pending navigations. Status: ok
[1719317634.690][INFO]: Waiting for pending navigations...
[1719317634.699][INFO]: Done waiting for pending navigations. Status: ok
[1719317634.699][INFO]: [ec5d157f007b1fecf88500c5e9a6920e] RESPONSE TypeElement
[1719317636.704][INFO]: [ec5d157f007b1fecf88500c5e9a6920e] COMMAND GetElementText {
   "id": "f.80C5BC3CA31947D89D124D76AC3AD145.d.A7A7D8D1AA53F8C68A2B1AAC0CCF5E10.e.153"
}
[1719317636.704][INFO]: Waiting for pending navigations...
[1719317636.706][INFO]: Done waiting for pending navigations. Status: ok
[1719317636.734][INFO]: Waiting for pending navigations...
[1719317636.735][INFO]: Done waiting for pending navigations. Status: ok
[1719317636.735][INFO]: [ec5d157f007b1fecf88500c5e9a6920e] RESPONSE GetElementText "Crio INTV Calendar Task Automation"
[1719317638.755][INFO]: [ec5d157f007b1fecf88500c5e9a6920e] COMMAND FindElement {
   "using": "xpath",
   "value": "//button[@jsname='x8hlje']"
}
[1719317638.755][INFO]: Waiting for pending navigations...
[1719317638.757][INFO]: Done waiting for pending navigations. Status: ok
[1719317638.771][INFO]: Waiting for pending navigations...
[1719317638.772][INFO]: Done waiting for pending navigations. Status: ok
[1719317638.772][INFO]: [ec5d157f007b1fecf88500c5e9a6920e] RESPONSE FindElement {
   "element-6066-11e4-a52e-4f735466cecf": "f.80C5BC3CA31947D89D124D76AC3AD145.d.A7A7D8D1AA53F8C68A2B1AAC0CCF5E10.e.161"
}
[1719317638.776][INFO]: [ec5d157f007b1fecf88500c5e9a6920e] COMMAND ClickElement {
   "id": "f.80C5BC3CA31947D89D124D76AC3AD145.d.A7A7D8D1AA53F8C68A2B1AAC0CCF5E10.e.161"
}
[1719317638.776][INFO]: Waiting for pending navigations...
[1719317638.777][INFO]: Done waiting for pending navigations. Status: ok
[1719317638.835][INFO]: Waiting for pending navigations...
[1719317638.839][INFO]: Done waiting for pending navigations. Status: ok
[1719317638.839][INFO]: [ec5d157f007b1fecf88500c5e9a6920e] RESPONSE ClickElement
[1719317644.858][INFO]: [ec5d157f007b1fecf88500c5e9a6920e] COMMAND Navigate {
   "url": "https://calendar.google.com/"
}
[1719317644.858][INFO]: Waiting for pending navigations...
[1719317644.860][INFO]: Done waiting for pending navigations. Status: ok
[1719317645.383][INFO]: Waiting for pending navigations...
[1719317647.058][INFO]: Done waiting for pending navigations. Status: ok
[1719317647.058][INFO]: [ec5d157f007b1fecf88500c5e9a6920e] RESPONSE Navigate
[1719317649.071][INFO]: [ec5d157f007b1fecf88500c5e9a6920e] COMMAND FindElement {
   "using": "xpath",
   "value": "//div[contains(@class,'c jKgTF')]"
}
[1719317649.071][INFO]: Waiting for pending navigations...
[1719317649.074][INFO]: Done waiting for pending navigations. Status: ok
[1719317649.094][INFO]: Waiting for pending navigations...
[1719317649.096][INFO]: Done waiting for pending navigations. Status: ok
[1719317649.096][INFO]: [ec5d157f007b1fecf88500c5e9a6920e] RESPONSE FindElement {
   "element-6066-11e4-a52e-4f735466cecf": "f.80C5BC3CA31947D89D124D76AC3AD145.d.62A1149BA435AC004C1FCF5473F54AF9.e.189"
}
[1719317649.103][INFO]: [ec5d157f007b1fecf88500c5e9a6920e] COMMAND ClickElement {
   "id": "f.80C5BC3CA31947D89D124D76AC3AD145.d.62A1149BA435AC004C1FCF5473F54AF9.e.189"
}
[1719317649.103][INFO]: Waiting for pending navigations...
[1719317649.105][INFO]: Done waiting for pending navigations. Status: ok
[1719317649.186][INFO]: Waiting for pending navigations...
[1719317649.203][INFO]: Done waiting for pending navigations. Status: ok
[1719317649.203][INFO]: [ec5d157f007b1fecf88500c5e9a6920e] RESPONSE ClickElement
[1719317651.214][INFO]: [ec5d157f007b1fecf88500c5e9a6920e] COMMAND FindElement {
   "using": "xpath",
   "value": "//div[@class='toUqff ']/span"
}
[1719317651.214][INFO]: Waiting for pending navigations...
[1719317651.216][INFO]: Done waiting for pending navigations. Status: ok
[1719317651.244][INFO]: Waiting for pending navigations...
[1719317651.245][INFO]: Done waiting for pending navigations. Status: ok
[1719317651.245][INFO]: [ec5d157f007b1fecf88500c5e9a6920e] RESPONSE FindElement {
   "element-6066-11e4-a52e-4f735466cecf": "f.80C5BC3CA31947D89D124D76AC3AD145.d.62A1149BA435AC004C1FCF5473F54AF9.e.197"
}
[1719317651.248][INFO]: [ec5d157f007b1fecf88500c5e9a6920e] COMMAND GetElementText {
   "id": "f.80C5BC3CA31947D89D124D76AC3AD145.d.62A1149BA435AC004C1FCF5473F54AF9.e.197"
}
[1719317651.248][INFO]: Waiting for pending navigations...
[1719317651.249][INFO]: Done waiting for pending navigations. Status: ok
[1719317651.258][INFO]: Waiting for pending navigations...
[1719317651.259][INFO]: Done waiting for pending navigations. Status: ok
[1719317651.259][INFO]: [ec5d157f007b1fecf88500c5e9a6920e] RESPONSE GetElementText "Crio INTV Task Automation"
[1719317651.263][INFO]: [ec5d157f007b1fecf88500c5e9a6920e] COMMAND FindElement {
   "using": "xpath",
   "value": "//div[@jsaction='JIbuQc:qAGoT']"
}
[1719317651.263][INFO]: Waiting for pending navigations...
[1719317651.264][INFO]: Done waiting for pending navigations. Status: ok
[1719317651.277][INFO]: Waiting for pending navigations...
[1719317651.278][INFO]: Done waiting for pending navigations. Status: ok
[1719317651.278][INFO]: [ec5d157f007b1fecf88500c5e9a6920e] RESPONSE FindElement {
   "element-6066-11e4-a52e-4f735466cecf": "f.80C5BC3CA31947D89D124D76AC3AD145.d.62A1149BA435AC004C1FCF5473F54AF9.e.198"
}
[1719317651.281][INFO]: [ec5d157f007b1fecf88500c5e9a6920e] COMMAND ClickElement {
   "id": "f.80C5BC3CA31947D89D124D76AC3AD145.d.62A1149BA435AC004C1FCF5473F54AF9.e.198"
}
[1719317651.281][INFO]: Waiting for pending navigations...
[1719317651.282][INFO]: Done waiting for pending navigations. Status: ok
[1719317651.372][INFO]: Waiting for pending navigations...
[1719317651.405][INFO]: Done waiting for pending navigations. Status: ok
[1719317651.405][INFO]: [ec5d157f007b1fecf88500c5e9a6920e] RESPONSE ClickElement
[1719317653.424][INFO]: [ec5d157f007b1fecf88500c5e9a6920e] COMMAND FindElement {
   "using": "xpath",
   "value": "//div[@class='VYTiVb']"
}
[1719317653.424][INFO]: Waiting for pending navigations...
[1719317653.426][INFO]: Done waiting for pending navigations. Status: ok
[1719317653.450][INFO]: Waiting for pending navigations...
[1719317653.451][INFO]: Done waiting for pending navigations. Status: ok
[1719317653.451][INFO]: [ec5d157f007b1fecf88500c5e9a6920e] RESPONSE FindElement {
   "element-6066-11e4-a52e-4f735466cecf": "f.80C5BC3CA31947D89D124D76AC3AD145.d.62A1149BA435AC004C1FCF5473F54AF9.e.200"
}
[1719317653.454][INFO]: [ec5d157f007b1fecf88500c5e9a6920e] COMMAND GetElementText {
   "id": "f.80C5BC3CA31947D89D124D76AC3AD145.d.62A1149BA435AC004C1FCF5473F54AF9.e.200"
}
[1719317653.454][INFO]: Waiting for pending navigations...
[1719317653.455][INFO]: Done waiting for pending navigations. Status: ok
[1719317653.464][INFO]: Waiting for pending navigations...
[1719317653.465][INFO]: Done waiting for pending navigations. Status: ok
[1719317653.465][INFO]: [ec5d157f007b1fecf88500c5e9a6920e] RESPONSE GetElementText "Task deleted"
[1719317653.468][INFO]: [ec5d157f007b1fecf88500c5e9a6920e] COMMAND CloseWindow {
}
[1719317653.540][INFO]: [ec5d157f007b1fecf88500c5e9a6920e] RESPONSE CloseWindow [  ]
